<?xml version="1.0" encoding="UTF-8"?>
<!-- Generated by org.testng.reporters.JUnitReportReporter -->
<testsuite hostname="DESKTOP-JGJ2F11" failures="0" tests="1" name="com.OHRM.OHRM_PIM" time="22.386" errors="0" timestamp="24 Aug 2023 08:11:52 GMT">
  <testcase classname="com.OHRM.OHRM_PIM" name="TS_Three" time="22.386"/>
</testsuite> <!-- com.OHRM.OHRM_PIM -->
